Read cache from /data4/chuhan/github-code/chemical-metrics/saved_pickle/train_data_set_qa.pkl.
Read cache from /data4/chuhan/github-code/chemical-metrics/saved_pickle/title_id_new.pkl.
loading vocabulary file /data4/chuhan/github-code/chemical-metrics/nlp-pre-trained-weight/bert-base-uncased/vocab.txt
Load pre-trained BERT parameters from file /data4/chuhan/github-code/chemical-metrics/nlp-pre-trained-weight/bert-base-uncased/pytorch_model.bin.
1
a
b
c
d
articleDOI: 10.1016/j.ejmech.2021.113381
e
e1
e2
e3
e4
e4.1
e4.2
e4.3
e4.4
e4.5
e4.6
e4.7
e4.8
e4.9
e4.10
e5
e6
e7
e8
e9
e10
e11
e12
e12.1
e12.2
e12.3
e12.4
e12.5
e13
e13.1
e13.2
e13.3
e13.4
e13.5
e13.6
f
g
h
l
m
articleDOI: 10.1016/j.ejmech.2020.113006
e
e1
e2
e3
f
articleDOI: 10.1016/j.ejmech.2020.113082
e
e1
e2
e3
f
articleDOI: 10.1016/j.ejmech.2019.111844
e
e1
e2
e3
f
articleDOI: 10.1016/j.ejmech.2019.111807
e
e1
e2
e3
f
articleDOI: 10.1016/j.ejmech.2017.12.098
e
e1
e2
e3
f
articleDOI: 10.1016/j.ejmech.2018.12.025
e
e1
e2
e3
e4
e4.1
e4.2
e4.3
e4.4
e4.5
e4.6
e4.7
e4.8
e4.9
e4.10
e5
e6
e7
e8
e9
e10
e11
e12
e12.1
e12.2
e12.3
e12.4
e12.5
e13
e13.1
e13.2
e13.3
e13.4
e13.5
e13.6
f
g
h
l
m
articleDOI: 10.1016/j.ejmech.2018.12.040
e
e1
e2
e3
f
articleDOI: 10.1016/j.ejmech.2021.113579
e
e1
e2
e3
f
articleDOI: 10.1016/j.ejmech.2020.112993
e
e1
e2
e3
f
articleDOI: 10.1016/j.ejmech.2018.06.048
e
e1
e2
e3
e4
e4.1
e4.2
e4.3
e4.4
e4.5
e4.6
e4.7
e4.8
e4.9
e4.10
e5
e6
e7
e8
e9
e10
e11
e12
e12.1
e12.2
e12.3
e12.4
e12.5
e13
e13.1
e13.2
e13.3
e13.4
e13.5
e13.6
f
g
h
l
m
articleDOI: 10.1016/j.ejmech.2019.111627
e
e1
e2
e3
f
articleDOI: 10.1016/j.ejmech.2021.113264
e
e1
e2
e3
f
articleDOI: 10.1016/j.ejmech.2021.113428
e
e1
e2
e3
e4
e4.1
e4.2
e4.3
e4.4
e4.5
e4.6
e4.7
e4.8
e4.9
e4.10
e5
e6
e7
e8
e9
e10
e11
e12
e12.1
e12.2
e12.3
e12.4
e12.5
e13
e13.1
e13.2
e13.3
e13.4
e13.5
e13.6
f
g
h
l
m
articleDOI: 10.1016/j.ejmech.2021.113555
e
e1
e2
e3
f
articleDOI: 10.1016/j.ejmech.2020.113026
e
e1
e2
f
articleDOI: 10.1016/j.ejmech.2018.12.018
e
e1
e2
e3
f
articleDOI: 10.1016/j.ejmech.2020.112981
e
e1
e2
e3
e4
e4.1
e4.2
e4.3
e4.4
e4.5
e4.6
e4.7
e4.8
e4.9
e4.10
e5
e6
e7
e8
e9
e10
e11
e12
e12.1
e12.2
e12.3
e12.4
e12.5
e13
e13.1
e13.2
e13.3
e13.4
e13.5
e13.6
f
articleDOI: 10.1016/j.ejmech.2020.112271
e
e1
e2
e3
f
articleDOI: 10.1016/j.ejmech.2020.112675
e
e1
e2
e3
f
articleDOI: 10.1016/j.ejmech.2019.111885
e
e1
e2
e3
f
articleDOI: 10.1016/j.ejmech.2020.112498
e
e1
e2
e3
f
articleDOI: 10.1016/j.ejmech.2020.112269
e
e1
e2
e3
f
articleDOI: 10.1016/j.ejmech.2019.04.053
e
e1
e2
e3
f
articleDOI: 10.1016/j.ejmech.2019.111853
e
e1
e2
e3
f
articleDOI: 10.1016/j.ejmech.2021.113350
e
e1
e2
f
articleDOI: 10.1016/j.ejmech.2021.113626
e
e1
e2
exception: 
'citedby-count'
f
articleDOI: 10.1016/j.ejmech.2019.111786
e
e1
e2
e3
f
articleDOI: 10.1016/j.ejmech.2020.112657
e
e1
e2
e3
e4
e4.1
e4.2
e4.3
e4.4
e4.5
e4.6
e4.7
e4.8
e4.9
e4.10
e5
e6
e7
e8
e9
e10
e11
e12
e12.1
e12.2
e12.3
e12.4
e12.5
e13
e13.1
e13.2
e13.3
e13.4
e13.5
e13.6
f
articleDOI: 10.1016/j.ejmech.2020.112531
e
e1
e2
e3
f
articleDOI: 10.1016/j.ejmech.2020.112185
e
e1
e2
e3
f
articleDOI: 10.1016/j.ejmech.2020.113137
e
e1
e2
e3
f
articleDOI: 10.1016/S0223-5234(16)30380-4
e
e1
e2
f
articleDOI: 10.1016/j.ejmech.2021.113312
e
e1
e2
e3
f
articleDOI: 10.1016/j.ejmech.2018.11.066
e
e1
e2
e3
f
articleDOI: 10.1016/j.ejmech.2021.113386
e
e1
e2
e3
f
articleDOI: 10.1016/S0223-5234(20)30560-2
e
e1
e2
f
articleDOI: 10.1016/j.ejmech.2018.03.046
e
e1
e2
e3
f
articleDOI: 10.1016/j.ejmech.2019.111775
e
e1
e2
f
articleDOI: 10.1016/j.ejmech.2017.05.027
e
e1
e2
e3
f
articleDOI: 10.1016/S0223-5234(19)30847-5
e
e1
e2
f
articleDOI: 10.1016/j.ejmech.2021.113420
e
e1
e2
e3
f
articleDOI: 10.1016/j.ejmech.2016.04.030
e
e1
e2
e3
f
articleDOI: 10.1016/j.ejmech.2020.112922
e
e1
e2
e3
f
articleDOI: 10.1016/S0223-5234(12)00166-3
e
e1
e2
f
articleDOI: 10.1016/S0223-5234(11)00176-0
e
e1
e2
f
articleDOI: 10.1016/j.ejmech.2021.113519
e
e1
e2
e3
f
articleDOI: 10.1016/j.ejmech.2016.08.063
e
e1
e2
e3
f
articleDOI: 10.1016/j.ejmech.2020.112917
e
e1
e2
e3
f
articleDOI: 10.1016/j.ejmech.2018.06.052
e
e1
e2
e3
f
articleDOI: 10.1016/S0223-5234(17)30168-X
e
e1
e2
f
articleDOI: 10.1016/j.ejmech.2019.111855
e
e1
e2
e3
f
articleDOI: 10.1016/j.ejmech.2016.06.043
e
e1
e2
e3
f
articleDOI: 10.1016/j.ejmech.2017.10.035
e
e1
e2
e3
f
articleDOI: 10.1016/j.ejmech.2015.02.059
e
e1
e2
f
articleDOI: 10.1016/j.ejmech.2019.07.015
e
e1
e2
e3
e4
e4.1
e4.2
e4.3
e4.4
e4.5
e4.6
e4.7
e4.8
e4.9
e4.10
e5
e6
e7
e8
e9
e10
e11
e12
e12.1
e12.2
e12.3
e12.4
e12.5
e13
e13.1
e13.2
e13.3
e13.4
e13.5
e13.6
f
articleDOI: 10.1016/j.ejmech.2018.12.051
e
e1
e2
e3
f
articleDOI: 10.1016/j.ejmech.2018.09.023
e
e1
e2
e3
e4
e4.1
e4.2
e4.3
e4.4
e4.5
e4.6
e4.7
e4.8
e4.9
e4.10
e5
e6
e7
e8
e9
e10
e11
e12
e12.1
e12.2
e12.3
e12.4
e12.5
e13
e13.1
e13.2
e13.3
e13.4
e13.5
e13.6
f
articleDOI: 10.1016/j.ejmech.2020.112738
e
e1
e2
e3
f
articleDOI: 10.1016/j.ejmech.2019.03.061
e
e1
e2
e3
f
articleDOI: 10.1016/j.ejmech.2015.04.001
e
e1
e2
f
articleDOI: 10.1016/j.ejmech.2019.01.034
e
e1
e2
e3
f
articleDOI: 10.1016/j.ejmech.2018.12.057
e
e1
e2
e3
f
articleDOI: 10.1016/j.ejmech.2009.04.022
e
e1
e2
f
articleDOI: 10.1016/j.ejmech.2021.113356
e
e1
e2
e3
e4
e4.1
e4.2
e4.3
e4.4
e4.5
e4.6
e4.7
e4.8
e4.9
e4.10
e5
e6
e7
e8
e9
e10
e11
e12
e12.1
e12.2
e12.3
e12.4
e12.5
e13
e13.1
e13.2
e13.3
e13.4
e13.5
e13.6
f
articleDOI: 10.1016/j.ejmech.2017.11.049
e
e1
e2
e3
f
articleDOI: 10.1016/j.ejmech.2016.01.012
e
e1
e2
e3
e4
e4.1
e4.2
e4.3
e4.4
e4.5
e4.6
e4.7
e4.8
e4.9
e4.10
e5
e6
e7
e8
e9
e10
e11
e12
e12.1
e12.2
e12.3
e12.4
e12.5
e13
e13.1
e13.2
e13.3
e13.4
e13.5
e13.6
f
articleDOI: 10.1016/j.ejmech.2021.113341
e
e1
e2
e3
f
articleDOI: 10.1016/j.ejmech.2014.11.021
e
e1
e2
f
articleDOI: 10.1016/j.ejmech.2021.113711
e
e1
e2
exception: 
'citedby-count'
f
articleDOI: 10.1016/j.ejmech.2020.113149
e
e1
e2
e3
f
articleDOI: 10.1016/j.ejmech.2019.03.004
e
e1
e2
e3
f
articleDOI: 10.1016/j.ejmech.2016.12.018
e
e1
e2
e3
f
articleDOI: 10.1016/j.ejmech.2018.11.058
e
e1
e2
e3
f
articleDOI: 10.1016/j.ejmech.2019.111587
e
e1
e2
e3
f
articleDOI: 10.1016/S0223-5234(15)00103-8
e
e1
e2
f
articleDOI: 10.1016/j.ejmech.2014.05.071
e
e1
e2
f
articleDOI: 10.1016/j.ejmech.2018.03.021
e
e1
e2
e3
f
articleDOI: 10.1016/j.ejmech.2017.05.042
e
e1
e2
e3
f
articleDOI: 10.1016/j.ejmech.2020.112583
e
e1
e2
e3
f
articleDOI: 10.1016/j.ejmech.2017.10.021
e
e1
e2
e3
f
articleDOI: 10.1016/j.ejmech.2019.05.013
e
e1
e2
e3
f
articleDOI: 10.1016/j.ejmech.2018.01.091
e
e1
e2
e3
f
articleDOI: 10.1016/j.ejmech.2020.112061
e
e1
e2
e3
f
articleDOI: 10.1016/j.ejmech.2020.112750
e
e1
e2
e3
f
articleDOI: 10.1016/S0223-5234(13)00704-6
e
e1
e2
f
articleDOI: 10.1016/S0223-5234(13)00756-3
e
e1
e2
f
articleDOI: 10.1016/j.ejmech.2019.07.041
e
e1
e2
e3
f
articleDOI: 10.1016/j.ejmech.2017.12.024
e
e1
e2
e3
f
articleDOI: 10.1016/j.ejmech.2020.113043
e
e1
e2
e3
f
articleDOI: 10.1016/j.ejmech.2019.05.048
e
e1
e2
e3
f
articleDOI: 10.1016/j.ejmech.2017.08.044
e
e1
e2
e3
f
articleDOI: 10.1016/j.ejmech.2018.03.076
e
e1
e2
e3
f
articleDOI: 10.1016/j.ejmech.2020.112086
e
e1
e2
e3
f
articleDOI: 10.1016/j.ejmech.2020.112356
e
e1
e2
e3
f
articleDOI: 10.1016/j.ejmech.2011.03.001
e
e1
e2
f
articleDOI: 10.1016/S0223-5234(97)88913-1
e
e1
e2
f
articleDOI: 10.1016/j.ejmech.2015.08.018
e
e1
e2
f
articleDOI: 10.1016/j.ejmech.2014.07.018
e
e1
e2
f
articleDOI: 10.1016/j.ejmech.2019.06.004
e
e1
e2
e3
f
articleDOI: 10.1016/j.ejmech.2019.06.034
e
e1
e2
e3
e4
e4.1
e4.2
e4.3
e4.4
e4.5
e4.6
e4.7
e4.8
e4.9
e4.10
e5
e6
e7
e8
e9
e10
e11
e12
e12.1
e12.2
e12.3
e12.4
e12.5
e13
e13.1
e13.2
e13.3
e13.4
e13.5
e13.6
f
g
h
l
m
articleDOI: 10.1016/j.ejmech.2020.112712
e
e1
e2
e3
f
articleDOI: 10.1016/j.ejmech.2017.02.063
e
e1
e2
e3
f
articleDOI: 10.1016/j.ejmech.2017.02.051
e
e1
e2
e3
e4
e4.1
e4.2
e4.3
e4.4
e4.5
e4.6
e4.7
e4.8
e4.9
e4.10
e5
e6
e7
e8
e9
e10
e11
e12
e12.1
e12.2
e12.3
e12.4
e12.5
e13
e13.1
e13.2
e13.3
e13.4
e13.5
e13.6
f
g
h
l
m
articleDOI: 10.1016/j.ejmech.2019.111739
e
e1
e2
e3
f
articleDOI: 10.1016/j.ejmech.2019.111716
e
e1
e2
e3
f
articleDOI: 10.1016/j.ejmech.2015.10.005
e
e1
e2
f
articleDOI: 10.1016/j.ejmech.2019.111826
e
e1
e2
e3
f
articleDOI: 10.1016/j.ddmod.2006.05.008
e
e1
e2
f
articleDOI: 10.1016/j.drudis.2010.05.012
e
e1
e2
f
articleDOI: 10.1016/j.drudis.2016.08.002
e
e1
e2
f
articleDOI: 10.1016/j.drudis.2019.02.011
e
e1
e2
f
articleDOI: 10.1016/j.drudis.2021.05.016
e
e1
e2
e3
e4
e4.1
e4.2
e4.3
e4.4
e4.5
e4.6
e4.7
e4.8
e4.9
e4.10
e5
e6
e7
e8
e9
e10
e11
e12
e12.1
e12.2
e12.3
e12.4
e12.5
e13
e13.1
e13.2
e13.3
e13.4
e13.5
e13.6
f
articleDOI: 10.1016/j.drudis.2019.11.014
e
e1
e2
f
articleDOI: 10.1016/j.drudis.2018.03.003
e
e1
e2
f
articleDOI: 10.1016/j.drudis.2020.12.006
e
e1
e2
f
articleDOI: 10.1016/j.drudis.2012.02.003
e
e1
e2
f
articleDOI: 10.1016/j.drudis.2015.05.013
e
e1
e2
f
articleDOI: 10.1016/j.ddmod.2017.07.002
e
e1
e2
f
articleDOI: 10.1016/j.drudis.2016.06.010
e
e1
e2
f
articleDOI: 10.1016/j.ddtec.2016.11.001
e
e1
e2
f
articleDOI: 10.1016/j.drudis.2018.09.003
e
e1
e2
e3
f
articleDOI: 10.1016/j.drudis.2016.12.003
e
e1
e2
f
articleDOI: 10.1016/j.drudis.2019.10.006
e
e1
e2
f
articleDOI: 10.1016/j.drudis.2016.01.003
e
e1
e2
f
articleDOI: 10.1016/j.drudis.2009.11.006
e
e1
e2
f
articleDOI: 10.1016/j.drudis.2018.10.004
e
e1
e2
f
articleDOI: 10.1016/j.drudis.2020.06.005
e
e1
e2
f
articleDOI: 10.1016/j.drudis.2018.02.003
e
e1
e2
f
articleDOI: 10.1016/j.drudis.2017.10.004
e
e1
e2
f
articleDOI: 10.1016/j.drudis.2017.06.010
e
e1
e2
f
articleDOI: 10.1016/j.ddtec.2016.10.001
e
e1
e2
f
articleDOI: 10.1016/j.ddtec.2019.01.002
e
e1
e2
f
articleDOI: 10.1016/j.drudis.2014.08.005
e
e1
e2
f
articleDOI: 10.1016/j.drudis.2016.12.009
e
e1
e2
f
articleDOI: 10.1016/j.drudis.2015.03.006
e
e1
e2
f
articleDOI: 10.1016/j.drudis.2017.10.016
e
e1
e2
f
articleDOI: 10.1016/j.ddtec.2016.07.001
e
e1
e2
f
4
5
1
[['2003', 1], ['2006', 1], ['2007', 2], ['2008', 2], ['2009', 9], ['2010', 13], ['2011', 7], ['2012', 7], ['2013', 12], ['2014', 8], ['2015', 5], ['2016', 12], ['2017', 8], ['2018', 7], ['2019', 11], ['2020', 15], ['2021', 11]]
2
[['1911', 1], ['1935', 1], ['1940', 1], ['1946', 1], ['1949', 2], ['1966', 1], ['1971', 1], ['1972', 2], ['1976', 1], ['1981', 2], ['1982', 1], ['1983', 1], ['1987', 4], ['1988', 1], ['1990', 3], ['1991', 1], ['1992', 2], ['1994', 1], ['1995', 3], ['1996', 2], ['1997', 4], ['1998', 5], ['1999', 4], ['2000', 1], ['2001', 2], ['2002', 3], ['2003', 8], ['2004', 3], ['2006', 7], ['2007', 4], ['2008', 4], ['2009', 4], ['2010', 6], ['2011', 9], ['2012', 8], ['2013', 1], ['2014', 2], ['2015', 5], ['2016', 1], ['2017', 3], ['2018', 6], ['2019', 6], ['2020', 4], ['2021', 2]]
3
[['2009', 2], ['2010', 1], ['2011', 1], ['2012', 3], ['2013', 3], ['2014', 3], ['2015', 7], ['2016', 9], ['2017', 4], ['2018', 7], ['2019', 6], ['2020', 5], ['2021', 26]]
1
[['1912', 1], ['1986', 1], ['1987', 2], ['1988', 2], ['1990', 1], ['1993', 1], ['1994', 4], ['1995', 2], ['1997', 1], ['1998', 2], ['1999', 3], ['2000', 4], ['2001', 1], ['2002', 5], ['2003', 1], ['2004', 5], ['2005', 6], ['2006', 1], ['2008', 7], ['2009', 13], ['2010', 8], ['2011', 7], ['2012', 6], ['2013', 14], ['2014', 8], ['2015', 8], ['2016', 7], ['2017', 10], ['2018', 9], ['2019', 4], ['2020', 7], ['2021', 5]]
2
[['1943', 2], ['1947', 1], ['1948', 1], ['1960', 1], ['1970', 1], ['1972', 1], ['1979', 1], ['1983', 2], ['1984', 1], ['1985', 1], ['1989', 1], ['1992', 1], ['1993', 3], ['1995', 1], ['1997', 1], ['1999', 1], ['2005', 1], ['2007', 1], ['2008', 1], ['2009', 4], ['2010', 13], ['2011', 8], ['2012', 10], ['2013', 3], ['2014', 10], ['2015', 3], ['2016', 1], ['2017', 13], ['2018', 4], ['2019', 5], ['2020', 3], ['2021', 5]]
3
[['1832', 1], ['1837', 1], ['1894', 1], ['1902', 1], ['1903', 1], ['1904', 2], ['1909', 1], ['1914', 1], ['1921', 3], ['1922', 1], ['1932', 1], ['1939', 1], ['1943', 1], ['1945', 1], ['1951', 2], ['1958', 1], ['1961', 1], ['1967', 3], ['1968', 1], ['1969', 2], ['1970', 1], ['1973', 2], ['1977', 1], ['1978', 1], ['1979', 1], ['1980', 2], ['1981', 1], ['1982', 2], ['1983', 1], ['1985', 1], ['1986', 1], ['1987', 1], ['1989', 1], ['1990', 2], ['1992', 2], ['1993', 2], ['1994', 3], ['2002', 1], ['2004', 2], ['2005', 6], ['2006', 4], ['2007', 3], ['2008', 7], ['2009', 15], ['2010', 13], ['2011', 28], ['2012', 29], ['2013', 42], ['2014', 39], ['2015', 31], ['2016', 35], ['2017', 34], ['2018', 26], ['2019', 22], ['2020', 35], ['2021', 27]]
6
7
8
9
10
10.1
10.2
10.1
10.2
10.1
10.2
10.1
10.2
10.1
10.2
10.1
10.2
10.1
10.2
10.1
10.2
10.1
10.2
10.1
10.2
10.1
10.2
10.1
10.2
10.1
10.2
10.1
10.2
10.1
10.2
output



nlpDicts
doi no keyword
10.1016/j.ejmech.2020.112299
10.1016/S0223-5234(21)00029-5
10.1016/j.ejmech.2021.113479
10.1016/j.ejmech.2020.112534
10.1016/j.ejmech.2020.112840
10.1016/S0223-5234(09)00569-8
10.1016/j.ejmech.2014.10.003
10.1016/j.ejmech.2018.08.051
10.1016/j.drudis.2013.11.018
10.1016/j.drudis.2021.07.014
10.1016/j.drudis.2021.04.013
10.1016/j.drudis.2020.09.008
10.1016/j.drudis.2020.09.037
10.1016/j.drudis.2019.12.001
10.1016/j.ddtec.2018.12.003
10.1016/j.drudis.2016.09.022
10.1016/j.drudis.2018.11.017
10.1016/j.ddmod.2011.05.003
10.1016/j.drudis.2011.08.010
10.1016/j.drudis.2020.01.023
10.1016/j.drudis.2020.02.006
10.1016/j.drudis.2018.01.014
10.1016/j.ddtec.2013.12.002
10.1016/j.drudis.2020.12.012
10.1016/j.drudis.2015.07.001
10.1016/j.drudis.2019.05.028
10.1016/j.drudis.2018.01.023
10.1016/j.drudis.2009.12.006
10.1016/j.drudis.2012.12.011
10.1016/j.ddtec.2018.11.001
10.1016/j.ddmec.2006.10.005
10.1016/j.drudis.2007.10.016
10.1016/j.ddmod.2007.06.004
10.1016/j.drudis.2009.11.001
10.1016/j.drudis.2009.01.005
10.1016/S1359-6446(13)00073-1
10.1016/j.drudis.2017.03.014
10.1016/S1359-6446(14)00096-8
10.1016/j.drudis.2015.10.008
10.1016/j.drudis.2011.09.010
10.1016/j.ddstr.2013.05.002
10.1016/S1359-6446(10)00203-5
10.1016/j.drudis.2019.04.008
10.1016/S1359-6446(12)00241-3
10.1016/j.drudis.2011.09.019
10.1016/j.ddtec.2012.04.006
10.1016/j.drudis.2014.06.001
10.1016/S1359-6446(13)00046-9
10.1016/j.ddmec.2011.11.005
10.1016/j.drudis.2017.06.005
10.1016/j.drudis.2010.07.003
10.1016/S1740-6757(06)00037-5
10.1016/j.drudis.2019.09.007
10.1016/j.drudis.2012.02.004
10.1016/j.ddstr.2011.04.002
10.1016/j.drudis.2014.12.016
10.1016/j.ddmod.2020.10.002
10.1016/j.drudis.2012.10.002
10.1016/j.drudis.2015.10.017
10.1016/j.drudis.2018.07.008
10.1016/j.drudis.2011.12.021
10.1016/j.drudis.2020.11.006
10.1016/j.drudis.2015.10.009
10.1016/j.drudis.2021.02.013
10.1016/j.drudis.2013.07.006
10.1016/j.ddmod.2011.11.001
10.1016/j.ddtec.2016.11.003
10.1016/j.drudis.2012.01.015
10.1016/j.drudis.2014.07.006
10.1016/j.ddtec.2012.01.003
10.1016/j.drudis.2019.02.009
10.1016/j.ddtec.2016.09.007
10.1016/j.ddmod.2005.05.003
10.1016/j.ddmec.2008.05.003
10.1016/j.drudis.2011.08.006
10.1016/j.drudis.2012.07.015
10.1016/j.ddmod.2019.08.002
10.1016/j.ddtec.2012.12.005
10.1016/j.drudis.2021.01.002
10.1016/j.drudis.2017.05.001
10.1016/j.drudis.2015.10.005
10.1016/j.drudis.2020.11.028
10.1016/j.drudis.2017.10.009
10.1016/j.drudis.2016.02.008
10.1016/j.drudis.2015.06.013
10.1016/S1359-6446(97)01157-4

DOI with keywoerds: 

10.1016/j.ejmech.2021.113381
{'target': '<unk>', 'compound': '<unk>'}

10.1016/j.ejmech.2020.113006
empty smiles

10.1016/j.ejmech.2020.113082
empty smiles

10.1016/j.ejmech.2019.111844
empty smiles

10.1016/j.ejmech.2019.111807
empty smiles

10.1016/j.ejmech.2017.12.098
empty smiles

10.1016/j.ejmech.2018.12.025
{'target': '<unk>', 'compound': '<unk>', 'IC50_MC': '3 . 5 2 μm and 3 . 5 0 μm for cyp3a4 and cyp2c9 , respectively , whereas the ic50 values were above 2 5 μm', 'bioavailability_An': '2 5 %'}

10.1016/j.ejmech.2018.12.040
empty smiles

10.1016/j.ejmech.2021.113579
empty smiles

10.1016/j.ejmech.2020.112993
empty smiles

10.1016/j.ejmech.2018.06.048
{'target': '<unk>', 'compound': '<unk>'}

10.1016/j.ejmech.2019.111627
empty smiles

10.1016/j.ejmech.2021.113264
empty smiles

10.1016/j.ejmech.2021.113428
{'target': '<unk>', 'compound': '<unk>', 't1/2_An': '2 . 9 h . systemic clearance was 4 . 3 9 l/h/kg , and vss was 4 . 5 9 l/kg . following a single administration of 6b po , the median tmax and t1/2 were 0 . 2 5 h and 1 6 . 4 h , respectively . the oral bioavailability ( f ) was 1 7 . 8 % based on the auc0-∞ ratio and was 1 5 . 1 % based on the auc0-t ratio . to determine the in vitro metabolism among different species , the metabolic stability of compound 6b was tested in mouse , rat , dog and human hepatocytes ( fig . 7 ) . the apparent half-life of compound 6b in mouse , rat , dog and human hepatocytes was 5 . 3 1 , 1 1 . 2 2 , 3 9 . 2 4 , and 6 7 . 5 9 min', 'bioavailability_An': '1 7 . 8 %'}

10.1016/j.ejmech.2021.113555
empty smiles

10.1016/j.ejmech.2020.113026
no imgRef

10.1016/j.ejmech.2018.12.018
empty smiles

10.1016/j.ejmech.2020.112981
{'target': '<unk>', 'compound': '<unk>'}

10.1016/j.ejmech.2020.112271
empty smiles

10.1016/j.ejmech.2020.112675
empty smiles

10.1016/j.ejmech.2019.111885
empty smiles

10.1016/j.ejmech.2020.112498
empty smiles

10.1016/j.ejmech.2020.112269
empty smiles

10.1016/j.ejmech.2019.04.053
empty smiles

10.1016/j.ejmech.2019.111853
empty smiles

10.1016/j.ejmech.2021.113350
no imgRef

10.1016/j.ejmech.2021.113626

10.1016/j.ejmech.2019.111786
empty smiles

10.1016/j.ejmech.2020.112657
{'target': '<unk>', 'compound': '<unk>'}

10.1016/j.ejmech.2020.112531
empty smiles

10.1016/j.ejmech.2020.112185
empty smiles

10.1016/j.ejmech.2020.113137
empty smiles

10.1016/S0223-5234(16)30380-4
no imgRef

10.1016/j.ejmech.2021.113312
empty smiles

10.1016/j.ejmech.2018.11.066
empty smiles

10.1016/j.ejmech.2021.113386
empty smiles

10.1016/S0223-5234(20)30560-2
no imgRef

10.1016/j.ejmech.2018.03.046
empty smiles

10.1016/j.ejmech.2019.111775
no imgRef

10.1016/j.ejmech.2017.05.027
empty smiles

10.1016/S0223-5234(19)30847-5
no imgRef

10.1016/j.ejmech.2021.113420
empty smiles

10.1016/j.ejmech.2016.04.030
empty smiles

10.1016/j.ejmech.2020.112922
empty smiles

10.1016/S0223-5234(12)00166-3
no imgRef

10.1016/S0223-5234(11)00176-0
no imgRef

10.1016/j.ejmech.2021.113519
empty smiles

10.1016/j.ejmech.2016.08.063
empty smiles

10.1016/j.ejmech.2020.112917
empty smiles

10.1016/j.ejmech.2018.06.052
empty smiles

10.1016/S0223-5234(17)30168-X
no imgRef

10.1016/j.ejmech.2019.111855
empty smiles

10.1016/j.ejmech.2016.06.043
empty smiles

10.1016/j.ejmech.2017.10.035
empty smiles

10.1016/j.ejmech.2015.02.059
no imgRef

10.1016/j.ejmech.2019.07.015
{'target': '<unk>', 'compound': '<unk>'}

10.1016/j.ejmech.2018.12.051
empty smiles

10.1016/j.ejmech.2018.09.023
{'target': '<unk>', 'compound': '<unk>', 'IC50_Ce': '1 1 . 1 μm'}

10.1016/j.ejmech.2020.112738
empty smiles

10.1016/j.ejmech.2019.03.061
empty smiles

10.1016/j.ejmech.2015.04.001
no imgRef

10.1016/j.ejmech.2019.01.034
smiles Exception
empty smiles

10.1016/j.ejmech.2018.12.057
empty smiles

10.1016/j.ejmech.2009.04.022
no imgRef

10.1016/j.ejmech.2021.113356
{'target': '<unk>', 'compound': '<unk>'}

10.1016/j.ejmech.2017.11.049
empty smiles

10.1016/j.ejmech.2016.01.012
{'target': '<unk>', 'compound': '<unk>'}

10.1016/j.ejmech.2021.113341
empty smiles

10.1016/j.ejmech.2014.11.021
no imgRef

10.1016/j.ejmech.2021.113711

10.1016/j.ejmech.2020.113149
empty smiles

10.1016/j.ejmech.2019.03.004
empty smiles

10.1016/j.ejmech.2016.12.018
empty smiles

10.1016/j.ejmech.2018.11.058
empty smiles

10.1016/j.ejmech.2019.111587
empty smiles

10.1016/S0223-5234(15)00103-8
no imgRef

10.1016/j.ejmech.2014.05.071
no imgRef

10.1016/j.ejmech.2018.03.021
empty smiles

10.1016/j.ejmech.2017.05.042
empty smiles

10.1016/j.ejmech.2020.112583
empty smiles

10.1016/j.ejmech.2017.10.021
empty smiles

10.1016/j.ejmech.2019.05.013
empty smiles

10.1016/j.ejmech.2018.01.091
empty smiles

10.1016/j.ejmech.2020.112061
empty smiles

10.1016/j.ejmech.2020.112750
empty smiles

10.1016/S0223-5234(13)00704-6
no imgRef

10.1016/S0223-5234(13)00756-3
no imgRef

10.1016/j.ejmech.2019.07.041
empty smiles

10.1016/j.ejmech.2017.12.024
empty smiles

10.1016/j.ejmech.2020.113043
empty smiles

10.1016/j.ejmech.2019.05.048
empty smiles

10.1016/j.ejmech.2017.08.044
empty smiles

10.1016/j.ejmech.2018.03.076
empty smiles

10.1016/j.ejmech.2020.112086
empty smiles

10.1016/j.ejmech.2020.112356
empty smiles

10.1016/j.ejmech.2011.03.001
no imgRef

10.1016/S0223-5234(97)88913-1
no imgRef

10.1016/j.ejmech.2015.08.018
no imgRef

10.1016/j.ejmech.2014.07.018
no imgRef

10.1016/j.ejmech.2019.06.004
empty smiles

10.1016/j.ejmech.2019.06.034
{'target': '<unk>', 'compound': '<unk>'}

10.1016/j.ejmech.2020.112712
empty smiles

10.1016/j.ejmech.2017.02.063
empty smiles

10.1016/j.ejmech.2017.02.051
{'target': '<unk>', 'compound': '<unk>'}

10.1016/j.ejmech.2019.111739
empty smiles

10.1016/j.ejmech.2019.111716
empty smiles

10.1016/j.ejmech.2015.10.005
no imgRef

10.1016/j.ejmech.2019.111826
empty smiles

10.1016/j.ddmod.2006.05.008
no imgRef

10.1016/j.drudis.2010.05.012
no imgRef

10.1016/j.drudis.2016.08.002
no imgRef

10.1016/j.drudis.2019.02.011
no imgRef

10.1016/j.drudis.2021.05.016
{'target': '<unk>', 'compound': '<unk>'}

10.1016/j.drudis.2019.11.014
no imgRef

10.1016/j.drudis.2018.03.003
no imgRef

10.1016/j.drudis.2020.12.006
no imgRef

10.1016/j.drudis.2012.02.003
no imgRef

10.1016/j.drudis.2015.05.013
no imgRef

10.1016/j.ddmod.2017.07.002
no imgRef

10.1016/j.drudis.2016.06.010
no imgRef

10.1016/j.ddtec.2016.11.001
no imgRef

10.1016/j.drudis.2018.09.003
empty smiles

10.1016/j.drudis.2016.12.003
no imgRef

10.1016/j.drudis.2019.10.006
no imgRef

10.1016/j.drudis.2016.01.003
no imgRef

10.1016/j.drudis.2009.11.006
no imgRef

10.1016/j.drudis.2018.10.004
no imgRef

10.1016/j.drudis.2020.06.005
no imgRef

10.1016/j.drudis.2018.02.003
no imgRef

10.1016/j.drudis.2017.10.004
no imgRef

10.1016/j.drudis.2017.06.010
no imgRef

10.1016/j.ddtec.2016.10.001
no imgRef

10.1016/j.ddtec.2019.01.002
no imgRef

10.1016/j.drudis.2014.08.005
no imgRef

10.1016/j.drudis.2016.12.009
no imgRef

10.1016/j.drudis.2015.03.006
no imgRef

10.1016/j.drudis.2017.10.016
no imgRef

10.1016/j.ddtec.2016.07.001
no imgRef
